2023-09-01 15:28:07.425 [main] INFO  c.e.r.RentBasicApartmentApplication - Starting RentBasicApartmentApplication using Java 20.0.1 with PID 16700 (C:\Users\DAvmeste\rent_apartments_application\rent_apartment\target\classes started by DAvmeste in C:\Users\DAvmeste\rent_apartments_application)
2023-09-01 15:28:07.428 [main] INFO  c.e.r.RentBasicApartmentApplication - No active profile set, falling back to 1 default profile: "default"
2023-09-01 15:28:15.527 [main] INFO  c.e.r.RentBasicApartmentApplication - Started RentBasicApartmentApplication in 9.822 seconds (process running for 10.586)
2023-09-01 15:28:58.021 [http-nio-auto-1-exec-1] INFO  c.e.r.s.RegistrationServiceImpl - RegistrationServiceImpl -> registrationNewUser()
2023-09-01 15:28:58.021 [http-nio-auto-1-exec-1] WARN  c.e.r.s.RegistrationServiceImpl - RegistrationServiceImpl -> registrationNewUser()
2023-09-01 15:28:58.021 [http-nio-auto-1-exec-1] ERROR c.e.r.s.RegistrationServiceImpl - RegistrationServiceImpl -> registrationNewUser()
2023-09-01 15:28:58.138 [http-nio-auto-1-exec-1] WARN  c.e.r.s.RegistrationServiceImpl - RegistrationServiceImpl <- registrationNewUser()
2023-09-01 15:28:58.190 [http-nio-auto-1-exec-1] INFO  c.e.r.s.RegistrationServiceImpl - RegistrationServiceImpl <- registrationNewUser()
2023-09-01 15:28:58.191 [http-nio-auto-1-exec-1] ERROR c.e.r.s.RegistrationServiceImpl - RegistrationServiceImpl <- registrationNewUser()
2023-09-01 15:53:45.558 [main] INFO  c.e.r.RentBasicApartmentApplication - Starting RentBasicApartmentApplication using Java 20.0.1 with PID 27372 (C:\Users\DAvmeste\rent_apartments_application\rent_apartment\target\classes started by DAvmeste in C:\Users\DAvmeste\rent_apartments_application)
2023-09-01 15:53:45.560 [main] INFO  c.e.r.RentBasicApartmentApplication - No active profile set, falling back to 1 default profile: "default"
2023-09-01 15:53:54.029 [main] INFO  c.e.r.RentBasicApartmentApplication - Started RentBasicApartmentApplication in 10.218 seconds (process running for 10.986)
2023-09-01 15:54:39.012 [http-nio-auto-1-exec-1] INFO  c.e.r.s.RentApartmentsServiceImpl - RentApartmentsServiceImpl -> geoLocApartments()
2023-09-01 15:54:39.012 [http-nio-auto-1-exec-1] WARN  c.e.r.s.RentApartmentsServiceImpl - RentApartmentsServiceImpl -> geoLocApartments()
2023-09-01 15:54:39.012 [http-nio-auto-1-exec-1] WARN  c.e.r.geocode_manager.GeocodeManager - GeocodeManager -> getFullInfoByPoint()
2023-09-01 15:54:39.897 [http-nio-auto-1-exec-1] WARN  c.e.r.geocode_manager.GeocodeManager - GeocodeManager <- getFullInfoByPoint()
2023-09-01 15:54:39.897 [http-nio-auto-1-exec-1] WARN  c.e.r.weather_manager.WeatherManager - WeatherManager -> getWeatherByLocation()
2023-09-01 15:54:39.897 [http-nio-auto-1-exec-1] WARN  c.e.r.weather_manager.WeatherManager - WeatherManager -> getFullInfoByPointForWeather()
2023-09-01 15:54:46.341 [http-nio-auto-1-exec-1] WARN  c.e.r.weather_manager.WeatherManager - WeatherManager <- getFullInfoByPointForWeather()
2023-09-01 15:54:46.342 [http-nio-auto-1-exec-1] WARN  c.e.r.weather_manager.WeatherManager - WeatherManager <- getWeatherByLocation()
2023-09-01 15:54:46.419 [http-nio-auto-1-exec-1] INFO  c.e.r.s.RentApartmentsServiceImpl - RentApartmentsServiceImpl <- geoLocApartments()
2023-09-01 15:54:46.419 [http-nio-auto-1-exec-1] WARN  c.e.r.s.RentApartmentsServiceImpl - RentApartmentsServiceImpl <- geoLocApartments()
2023-09-01 15:54:46.419 [http-nio-auto-1-exec-1] INFO  c.e.r.s.RentApartmentsServiceImpl - RentApartmentsServiceImpl -> prepareResponse()
2023-09-01 15:54:46.419 [http-nio-auto-1-exec-1] INFO  c.e.r.s.RentApartmentsServiceImpl - RentApartmentsServiceImpl <- prepareResponse()
2023-09-01 17:46:54.224 [main] INFO  c.e.r.RentBasicApartmentApplication - Starting RentBasicApartmentApplication using Java 20.0.1 with PID 5764 (C:\Users\DAvmeste\rent_apartments_application\rent_apartment\target\classes started by DAvmeste in C:\Users\DAvmeste\rent_apartments_application)
2023-09-01 17:46:54.226 [main] INFO  c.e.r.RentBasicApartmentApplication - No active profile set, falling back to 1 default profile: "default"
2023-09-01 17:47:02.444 [main] INFO  c.e.r.RentBasicApartmentApplication - Started RentBasicApartmentApplication in 10.004 seconds (process running for 10.765)
2023-09-01 17:57:41.443 [http-nio-auto-1-exec-1] INFO  c.e.r.s.RegistrationServiceImpl - RegistrationServiceImpl -> registrationNewUser()
2023-09-01 17:57:41.683 [http-nio-auto-1-exec-1] WARN  c.e.r.s.RegistrationServiceImpl - RegistrationServiceImpl <- registrationNewUser()
2023-09-01 17:57:41.762 [http-nio-auto-1-exec-1] INFO  c.e.r.s.RegistrationServiceImpl - RegistrationServiceImpl <- registrationNewUser()
2023-09-01 18:01:43.642 [http-nio-auto-1-exec-6] INFO  c.e.r.s.RegistrationServiceImpl - RegistrationServiceImpl -> authorizationUser()
2023-09-01 18:01:43.875 [http-nio-auto-1-exec-6] INFO  c.e.r.s.RegistrationServiceImpl - RegistrationServiceImpl <- authorizationUser()
2023-09-01 18:02:09.314 [http-nio-auto-1-exec-9] INFO  c.e.r.s.RentApartmentsServiceImpl - RentApartmentsServiceImpl -> saveToBase()
2023-09-01 18:02:09.433 [http-nio-auto-1-exec-9] INFO  c.e.r.s.RentApartmentsServiceImpl - RentApartmentsServiceImpl <- saveToBase()
2023-09-01 18:02:18.718 [http-nio-auto-1-exec-5] INFO  c.e.r.s.RentApartmentsServiceImpl - RentApartmentsServiceImpl -> geoLocApartments()
2023-09-01 18:02:18.718 [http-nio-auto-1-exec-5] WARN  c.e.r.s.RentApartmentsServiceImpl - RentApartmentsServiceImpl -> geoLocApartments()
2023-09-01 18:02:18.718 [http-nio-auto-1-exec-5] WARN  c.e.r.geocode_manager.GeocodeManager - GeocodeManager -> getFullInfoByPoint()
2023-09-01 18:02:19.553 [http-nio-auto-1-exec-5] WARN  c.e.r.geocode_manager.GeocodeManager - GeocodeManager <- getFullInfoByPoint()
2023-09-01 18:02:19.553 [http-nio-auto-1-exec-5] WARN  c.e.r.weather_manager.WeatherManager - WeatherManager -> getWeatherByLocation()
2023-09-01 18:02:19.553 [http-nio-auto-1-exec-5] WARN  c.e.r.weather_manager.WeatherManager - WeatherManager -> getFullInfoByPointForWeather()
2023-09-01 18:02:26.203 [http-nio-auto-1-exec-5] WARN  c.e.r.weather_manager.WeatherManager - WeatherManager <- getFullInfoByPointForWeather()
2023-09-01 18:02:26.205 [http-nio-auto-1-exec-5] WARN  c.e.r.weather_manager.WeatherManager - WeatherManager <- getWeatherByLocation()
2023-09-01 18:02:26.305 [http-nio-auto-1-exec-5] INFO  c.e.r.s.RentApartmentsServiceImpl - RentApartmentsServiceImpl <- geoLocApartments()
2023-09-01 18:02:26.305 [http-nio-auto-1-exec-5] WARN  c.e.r.s.RentApartmentsServiceImpl - RentApartmentsServiceImpl <- geoLocApartments()
2023-09-01 18:02:26.305 [http-nio-auto-1-exec-5] INFO  c.e.r.s.RentApartmentsServiceImpl - RentApartmentsServiceImpl -> prepareResponse()
2023-09-01 18:02:26.306 [http-nio-auto-1-exec-5] INFO  c.e.r.s.RentApartmentsServiceImpl - RentApartmentsServiceImpl <- prepareResponse()
2023-09-01 18:02:44.673 [http-nio-auto-1-exec-3] INFO  c.e.r.s.RatingGlobalServiceImpl - RatingGlobalServiceImpl -> saveRatingApartments()
2023-09-01 18:02:44.719 [http-nio-auto-1-exec-3] INFO  c.e.r.s.RatingGlobalServiceImpl - RatingGlobalServiceImpl -> updateGlobalRatingApartment()
2023-09-01 18:02:44.759 [http-nio-auto-1-exec-3] INFO  c.e.r.s.RatingGlobalServiceImpl - RatingGlobalServiceImpl <- updateGlobalRatingApartment()
2023-09-01 18:02:44.760 [http-nio-auto-1-exec-3] INFO  c.e.r.s.RatingGlobalServiceImpl - RatingGlobalServiceImpl <- saveRatingApartments()
2023-09-01 18:03:37.840 [http-nio-auto-1-exec-7] INFO  c.e.r.s.BookingApartmentServiceImpl - BookingApartmentServiceImpl -> bookingApartmentsAndPayment()
2023-09-01 18:03:39.023 [http-nio-auto-1-exec-7] INFO  c.e.r.s.BookingApartmentServiceImpl - BookingApartmentServiceImpl <- bookingApartmentsAndPayment()
2023-09-01 18:29:43.074 [http-nio-auto-1-exec-2] INFO  c.e.r.s.BookingApartmentServiceImpl - BookingApartmentServiceImpl -> bookingApartmentsAndPayment()
2023-09-01 18:29:57.318 [http-nio-auto-1-exec-2] INFO  c.e.r.s.BookingApartmentServiceImpl - BookingApartmentServiceImpl <- bookingApartmentsAndPayment()
2023-09-03 08:11:38.712 [main] INFO  c.e.r.RentBasicApartmentApplication - Starting RentBasicApartmentApplication using Java 20.0.1 with PID 15632 (C:\Users\DAvmeste\rent_apartments_application\rent_apartment\target\classes started by DAvmeste in C:\Users\DAvmeste\rent_apartments_application)
2023-09-03 08:11:38.721 [main] INFO  c.e.r.RentBasicApartmentApplication - No active profile set, falling back to 1 default profile: "default"
2023-09-03 08:11:47.002 [main] INFO  c.e.r.RentBasicApartmentApplication - Started RentBasicApartmentApplication in 10.017 seconds (process running for 10.756)
2023-09-03 08:12:13.158 [main] INFO  c.e.r.RentBasicApartmentApplication - Starting RentBasicApartmentApplication using Java 20.0.1 with PID 15380 (C:\Users\DAvmeste\rent_apartments_application\rent_apartment\target\classes started by DAvmeste in C:\Users\DAvmeste\rent_apartments_application)
2023-09-03 08:12:13.160 [main] INFO  c.e.r.RentBasicApartmentApplication - No active profile set, falling back to 1 default profile: "default"
2023-09-03 08:12:20.890 [main] INFO  c.e.r.RentBasicApartmentApplication - Started RentBasicApartmentApplication in 9.383 seconds (process running for 10.047)
2023-09-03 08:20:17.554 [http-nio-auto-1-exec-1] INFO  c.e.r.s.RegistrationServiceImpl - RegistrationServiceImpl -> registrationNewUser()
2023-09-03 08:20:17.744 [http-nio-auto-1-exec-1] WARN  c.e.r.s.RegistrationServiceImpl - RegistrationServiceImpl <- registrationNewUser()
2023-09-03 08:20:17.811 [http-nio-auto-1-exec-1] INFO  c.e.r.s.RegistrationServiceImpl - RegistrationServiceImpl <- registrationNewUser()
2023-09-03 08:20:32.720 [http-nio-auto-1-exec-4] INFO  c.e.r.s.RegistrationServiceImpl - RegistrationServiceImpl -> authorizationUser()
2023-09-03 08:20:32.736 [http-nio-auto-1-exec-4] INFO  c.e.r.s.RegistrationServiceImpl - RegistrationServiceImpl <- authorizationUser()
2023-09-03 08:32:52.694 [http-nio-auto-1-exec-2] INFO  c.e.r.s.BookingApartmentServiceImpl - BookingApartmentServiceImpl -> bookingApartmentsAndPayment()
2023-09-03 08:34:25.268 [http-nio-auto-1-exec-2] INFO  c.e.r.s.BookingApartmentServiceImpl - BookingApartmentServiceImpl <- bookingApartmentsAndPayment()
2023-09-03 21:17:41.462 [main] INFO  c.e.r.RentBasicApartmentApplication - Starting RentBasicApartmentApplication using Java 20.0.1 with PID 23056 (C:\Users\DAvmeste\rent_apartments_application\rent_apartment\target\classes started by DAvmeste in C:\Users\DAvmeste\rent_apartments_application)
2023-09-03 21:17:41.464 [main] INFO  c.e.r.RentBasicApartmentApplication - No active profile set, falling back to 1 default profile: "default"
2023-09-03 21:17:49.297 [main] INFO  c.e.r.RentBasicApartmentApplication - Started RentBasicApartmentApplication in 9.571 seconds (process running for 10.289)
2023-09-03 21:31:33.041 [http-nio-auto-1-exec-1] INFO  c.e.r.s.RegistrationServiceImpl - RegistrationServiceImpl -> registrationNewUser()
2023-09-03 21:31:33.145 [http-nio-auto-1-exec-1] WARN  c.e.r.s.RegistrationServiceImpl - RegistrationServiceImpl <- registrationNewUser()
2023-09-03 21:31:33.190 [http-nio-auto-1-exec-1] INFO  c.e.r.s.RegistrationServiceImpl - RegistrationServiceImpl <- registrationNewUser()
2023-09-03 21:35:02.164 [http-nio-auto-1-exec-6] INFO  c.e.r.s.RegistrationServiceImpl - RegistrationServiceImpl -> registrationNewUser()
2023-09-03 21:35:02.170 [http-nio-auto-1-exec-6] WARN  c.e.r.s.RegistrationServiceImpl - RegistrationServiceImpl <- registrationNewUser()
2023-09-03 21:35:02.179 [http-nio-auto-1-exec-6] INFO  c.e.r.s.RegistrationServiceImpl - RegistrationServiceImpl <- registrationNewUser()
2023-09-03 21:38:14.193 [http-nio-auto-1-exec-3] INFO  c.e.r.s.RegistrationServiceImpl - RegistrationServiceImpl -> authorizationUser()
2023-09-03 21:38:14.212 [http-nio-auto-1-exec-3] INFO  c.e.r.s.RegistrationServiceImpl - RegistrationServiceImpl <- authorizationUser()
2023-09-03 21:38:17.476 [http-nio-auto-1-exec-7] INFO  c.e.r.s.RentApartmentsServiceImpl - RentApartmentsServiceImpl -> saveToBase()
2023-09-03 21:38:17.509 [http-nio-auto-1-exec-7] INFO  c.e.r.s.RentApartmentsServiceImpl - RentApartmentsServiceImpl <- saveToBase()
2023-09-03 21:48:03.082 [http-nio-auto-1-exec-9] INFO  c.e.r.s.RentApartmentsServiceImpl - RentApartmentsServiceImpl -> saveToBase()
2023-09-03 21:48:03.104 [http-nio-auto-1-exec-9] INFO  c.e.r.s.RentApartmentsServiceImpl - RentApartmentsServiceImpl <- saveToBase()
2023-09-03 22:21:56.146 [http-nio-auto-1-exec-1] INFO  c.e.r.s.RentApartmentsServiceImpl - RentApartmentsServiceImpl -> geoLocApartments()
2023-09-03 22:21:56.146 [http-nio-auto-1-exec-1] WARN  c.e.r.s.RentApartmentsServiceImpl - RentApartmentsServiceImpl -> geoLocApartments()
2023-09-03 22:21:56.146 [http-nio-auto-1-exec-1] WARN  c.e.r.geocode_manager.GeocodeManager - GeocodeManager -> getFullInfoByPoint()
2023-09-03 22:21:56.947 [http-nio-auto-1-exec-1] WARN  c.e.r.geocode_manager.GeocodeManager - GeocodeManager <- getFullInfoByPoint()
2023-09-03 22:21:56.947 [http-nio-auto-1-exec-1] WARN  c.e.r.weather_manager.WeatherManager - WeatherManager -> getWeatherByLocation()
2023-09-03 22:21:56.948 [http-nio-auto-1-exec-1] WARN  c.e.r.weather_manager.WeatherManager - WeatherManager -> getFullInfoByPointForWeather()
2023-09-03 22:22:03.383 [http-nio-auto-1-exec-1] WARN  c.e.r.weather_manager.WeatherManager - WeatherManager <- getFullInfoByPointForWeather()
2023-09-03 22:22:03.385 [http-nio-auto-1-exec-1] WARN  c.e.r.weather_manager.WeatherManager - WeatherManager <- getWeatherByLocation()
2023-09-03 22:22:03.461 [http-nio-auto-1-exec-1] INFO  c.e.r.s.RentApartmentsServiceImpl - RentApartmentsServiceImpl <- geoLocApartments()
2023-09-03 22:22:03.461 [http-nio-auto-1-exec-1] WARN  c.e.r.s.RentApartmentsServiceImpl - RentApartmentsServiceImpl <- geoLocApartments()
2023-09-03 22:22:03.461 [http-nio-auto-1-exec-1] INFO  c.e.r.s.RentApartmentsServiceImpl - RentApartmentsServiceImpl -> prepareResponse()
2023-09-03 22:22:03.462 [http-nio-auto-1-exec-1] INFO  c.e.r.s.RentApartmentsServiceImpl - RentApartmentsServiceImpl <- prepareResponse()
2023-09-03 23:02:37.672 [http-nio-auto-1-exec-6] INFO  c.e.r.s.BookingApartmentServiceImpl - BookingApartmentServiceImpl -> bookingApartmentsAndPayment()
2023-09-03 23:02:49.230 [http-nio-auto-1-exec-6] INFO  c.e.r.s.BookingApartmentServiceImpl - BookingApartmentServiceImpl <- bookingApartmentsAndPayment()
2023-09-04 14:16:12.048 [http-nio-auto-1-exec-10] INFO  c.e.r.s.RatingGlobalServiceImpl - RatingGlobalServiceImpl -> saveRatingApartments()
2023-09-04 14:16:12.101 [http-nio-auto-1-exec-10] INFO  c.e.r.s.RatingGlobalServiceImpl - RatingGlobalServiceImpl -> updateGlobalRatingApartment()
2023-09-04 14:16:12.131 [http-nio-auto-1-exec-10] INFO  c.e.r.s.RatingGlobalServiceImpl - RatingGlobalServiceImpl <- updateGlobalRatingApartment()
2023-09-04 14:16:12.131 [http-nio-auto-1-exec-10] INFO  c.e.r.s.RatingGlobalServiceImpl - RatingGlobalServiceImpl <- saveRatingApartments()
2023-09-04 14:37:17.685 [http-nio-auto-1-exec-7] INFO  c.e.r.s.RegistrationServiceImpl - RegistrationServiceImpl -> registrationNewUser()
2023-09-04 14:37:17.692 [http-nio-auto-1-exec-7] WARN  c.e.r.s.RegistrationServiceImpl - RegistrationServiceImpl <- registrationNewUser()
2023-09-04 14:37:17.699 [http-nio-auto-1-exec-7] INFO  c.e.r.s.RegistrationServiceImpl - RegistrationServiceImpl <- registrationNewUser()
2023-09-04 14:37:34.572 [http-nio-auto-1-exec-8] INFO  c.e.r.s.RegistrationServiceImpl - RegistrationServiceImpl -> authorizationUser()
2023-09-04 14:37:34.577 [http-nio-auto-1-exec-8] INFO  c.e.r.s.RegistrationServiceImpl - RegistrationServiceImpl <- authorizationUser()
2023-09-04 14:38:25.696 [http-nio-auto-1-exec-9] INFO  c.e.r.s.BookingApartmentServiceImpl - BookingApartmentServiceImpl -> bookingApartmentsAndPayment()
2023-09-04 14:38:25.816 [http-nio-auto-1-exec-9] INFO  c.e.r.s.BookingApartmentServiceImpl - BookingApartmentServiceImpl <- bookingApartmentsAndPayment()
2023-09-04 15:56:03.136 [http-nio-auto-1-exec-1] INFO  c.e.r.s.RegistrationServiceImpl - RegistrationServiceImpl -> registrationNewUser()
2023-09-04 15:56:03.162 [http-nio-auto-1-exec-1] WARN  c.e.r.s.RegistrationServiceImpl - RegistrationServiceImpl <- registrationNewUser()
2023-09-04 15:56:03.173 [http-nio-auto-1-exec-1] INFO  c.e.r.s.RegistrationServiceImpl - RegistrationServiceImpl <- registrationNewUser()
2023-09-04 15:56:12.125 [http-nio-auto-1-exec-2] INFO  c.e.r.s.RegistrationServiceImpl - RegistrationServiceImpl -> authorizationUser()
2023-09-04 15:56:12.131 [http-nio-auto-1-exec-2] INFO  c.e.r.s.RegistrationServiceImpl - RegistrationServiceImpl <- authorizationUser()
2023-09-04 15:56:15.948 [http-nio-auto-1-exec-6] INFO  c.e.r.s.RentApartmentsServiceImpl - RentApartmentsServiceImpl -> saveToBase()
2023-09-04 15:56:15.976 [http-nio-auto-1-exec-6] INFO  c.e.r.s.RentApartmentsServiceImpl - RentApartmentsServiceImpl <- saveToBase()
2023-09-04 15:56:58.999 [http-nio-auto-1-exec-4] INFO  c.e.r.s.BookingApartmentServiceImpl - BookingApartmentServiceImpl -> bookingApartmentsAndPayment()
2023-09-04 15:58:19.454 [http-nio-auto-1-exec-10] INFO  c.e.r.s.RegistrationServiceImpl - RegistrationServiceImpl -> registrationNewUser()
2023-09-04 15:58:19.459 [http-nio-auto-1-exec-10] WARN  c.e.r.s.RegistrationServiceImpl - RegistrationServiceImpl <- registrationNewUser()
2023-09-04 15:58:19.465 [http-nio-auto-1-exec-10] INFO  c.e.r.s.RegistrationServiceImpl - RegistrationServiceImpl <- registrationNewUser()
2023-09-04 15:58:22.359 [http-nio-auto-1-exec-3] INFO  c.e.r.s.RegistrationServiceImpl - RegistrationServiceImpl -> authorizationUser()
2023-09-04 15:58:22.364 [http-nio-auto-1-exec-3] INFO  c.e.r.s.RegistrationServiceImpl - RegistrationServiceImpl <- authorizationUser()
2023-09-04 15:58:26.579 [http-nio-auto-1-exec-7] INFO  c.e.r.s.RentApartmentsServiceImpl - RentApartmentsServiceImpl -> saveToBase()
2023-09-04 15:58:26.597 [http-nio-auto-1-exec-7] INFO  c.e.r.s.RentApartmentsServiceImpl - RentApartmentsServiceImpl <- saveToBase()
2023-09-04 15:59:01.401 [http-nio-auto-1-exec-8] INFO  c.e.r.s.BookingApartmentServiceImpl - BookingApartmentServiceImpl -> bookingApartmentsAndPayment()
2023-09-04 15:59:06.523 [http-nio-auto-1-exec-8] INFO  c.e.r.s.BookingApartmentServiceImpl - BookingApartmentServiceImpl <- bookingApartmentsAndPayment()
2023-09-07 16:43:56.983 [main] INFO  c.e.r.RentBasicApartmentApplication - Starting RentBasicApartmentApplication using Java 20.0.1 with PID 19320 (C:\Users\DAvmeste\rent_apartments_application\rent_apartment\target\classes started by DAvmeste in C:\Users\DAvmeste\rent_apartments_application)
2023-09-07 16:43:56.991 [main] INFO  c.e.r.RentBasicApartmentApplication - No active profile set, falling back to 1 default profile: "default"
2023-09-07 16:44:04.853 [main] INFO  c.e.r.RentBasicApartmentApplication - Started RentBasicApartmentApplication in 9.586 seconds (process running for 10.441)
2023-09-07 16:46:26.259 [http-nio-auto-1-exec-1] INFO  c.e.r.s.RegistrationServiceImpl - RegistrationServiceImpl -> registrationNewUser()
2023-09-07 16:46:26.368 [http-nio-auto-1-exec-1] WARN  c.e.r.s.RegistrationServiceImpl - RegistrationServiceImpl <- registrationNewUser()
2023-09-07 16:46:26.416 [http-nio-auto-1-exec-1] INFO  c.e.r.s.RegistrationServiceImpl - RegistrationServiceImpl <- registrationNewUser()
2023-09-07 16:46:30.827 [http-nio-auto-1-exec-2] INFO  c.e.r.s.RegistrationServiceImpl - RegistrationServiceImpl -> authorizationUser()
2023-09-07 16:46:30.839 [http-nio-auto-1-exec-2] INFO  c.e.r.s.RegistrationServiceImpl - RegistrationServiceImpl <- authorizationUser()
2023-09-07 16:46:34.917 [http-nio-auto-1-exec-6] INFO  c.e.r.s.RentApartmentsServiceImpl - RentApartmentsServiceImpl -> saveToBase()
2023-09-07 16:46:34.950 [http-nio-auto-1-exec-6] INFO  c.e.r.s.RentApartmentsServiceImpl - RentApartmentsServiceImpl <- saveToBase()
2023-09-07 16:46:41.228 [http-nio-auto-1-exec-4] INFO  c.e.r.s.RentApartmentsServiceImpl - RentApartmentsServiceImpl -> geoLocApartments()
2023-09-07 16:46:41.229 [http-nio-auto-1-exec-4] WARN  c.e.r.s.RentApartmentsServiceImpl - RentApartmentsServiceImpl -> geoLocApartments()
2023-09-07 16:46:41.229 [http-nio-auto-1-exec-4] WARN  c.e.r.geocode_manager.GeocodeManager - GeocodeManager -> getFullInfoByPoint()
2023-09-07 16:46:42.098 [http-nio-auto-1-exec-4] WARN  c.e.r.geocode_manager.GeocodeManager - GeocodeManager <- getFullInfoByPoint()
2023-09-07 16:46:42.098 [http-nio-auto-1-exec-4] WARN  c.e.r.weather_manager.WeatherManager - WeatherManager -> getWeatherByLocation()
2023-09-07 16:46:42.098 [http-nio-auto-1-exec-4] WARN  c.e.r.weather_manager.WeatherManager - WeatherManager -> getFullInfoByPointForWeather()
2023-09-07 16:46:48.504 [http-nio-auto-1-exec-4] WARN  c.e.r.weather_manager.WeatherManager - WeatherManager <- getFullInfoByPointForWeather()
2023-09-07 16:46:48.506 [http-nio-auto-1-exec-4] WARN  c.e.r.weather_manager.WeatherManager - WeatherManager <- getWeatherByLocation()
2023-09-07 16:46:48.574 [http-nio-auto-1-exec-4] INFO  c.e.r.s.RentApartmentsServiceImpl - RentApartmentsServiceImpl <- geoLocApartments()
2023-09-07 16:46:48.574 [http-nio-auto-1-exec-4] WARN  c.e.r.s.RentApartmentsServiceImpl - RentApartmentsServiceImpl <- geoLocApartments()
2023-09-07 16:46:48.574 [http-nio-auto-1-exec-4] INFO  c.e.r.s.RentApartmentsServiceImpl - RentApartmentsServiceImpl -> prepareResponse()
2023-09-07 16:46:48.574 [http-nio-auto-1-exec-4] INFO  c.e.r.s.RentApartmentsServiceImpl - RentApartmentsServiceImpl <- prepareResponse()
2023-09-07 16:47:43.341 [http-nio-auto-1-exec-5] INFO  c.e.r.s.BookingApartmentServiceImpl - BookingApartmentServiceImpl -> bookingApartmentsAndPayment()
2023-09-07 16:47:54.791 [http-nio-auto-1-exec-5] INFO  c.e.r.s.BookingApartmentServiceImpl - BookingApartmentServiceImpl <- bookingApartmentsAndPayment()
2023-09-07 16:48:09.104 [http-nio-auto-1-exec-3] INFO  c.e.r.s.RatingGlobalServiceImpl - RatingGlobalServiceImpl -> saveRatingApartments()
2023-09-07 16:48:09.122 [http-nio-auto-1-exec-3] INFO  c.e.r.s.RatingGlobalServiceImpl - RatingGlobalServiceImpl -> updateGlobalRatingApartment()
2023-09-07 16:48:09.133 [http-nio-auto-1-exec-3] INFO  c.e.r.s.RatingGlobalServiceImpl - RatingGlobalServiceImpl <- updateGlobalRatingApartment()
2023-09-07 16:48:09.133 [http-nio-auto-1-exec-3] INFO  c.e.r.s.RatingGlobalServiceImpl - RatingGlobalServiceImpl <- saveRatingApartments()
2023-09-17 21:33:57.202 [main] INFO  c.e.r.RentBasicApartmentApplication - Starting RentBasicApartmentApplication using Java 20.0.1 with PID 12692 (C:\Users\DAvmeste\rent_apartments_application\rent_apartment\target\classes started by DAvmeste in C:\Users\DAvmeste\rent_apartments_application)
2023-09-17 21:33:57.217 [main] INFO  c.e.r.RentBasicApartmentApplication - No active profile set, falling back to 1 default profile: "default"
2023-09-17 21:34:05.265 [main] INFO  c.e.r.RentBasicApartmentApplication - Started RentBasicApartmentApplication in 9.963 seconds (process running for 10.992)
2023-09-17 21:34:54.496 [http-nio-auto-1-exec-1] INFO  c.e.r.s.RegistrationServiceImpl - RegistrationServiceImpl -> registrationNewUser()
2023-09-17 21:35:01.637 [http-nio-auto-1-exec-2] INFO  c.e.r.s.RegistrationServiceImpl - RegistrationServiceImpl -> authorizationUser()
2023-09-17 21:35:01.643 [http-nio-auto-1-exec-2] INFO  c.e.r.s.RegistrationServiceImpl - RegistrationServiceImpl <- authorizationUser()
2023-09-17 21:35:09.506 [http-nio-auto-1-exec-3] INFO  c.e.r.s.RentApartmentsServiceImpl - RentApartmentsServiceImpl -> geoLocApartments()
2023-09-17 21:35:09.506 [http-nio-auto-1-exec-3] WARN  c.e.r.s.RentApartmentsServiceImpl - RentApartmentsServiceImpl -> geoLocApartments()
2023-09-17 21:35:09.507 [http-nio-auto-1-exec-3] WARN  c.e.r.geocode_manager.GeocodeManager - GeocodeManager -> getFullInfoByPoint()
2023-09-17 21:35:09.993 [http-nio-auto-1-exec-3] WARN  c.e.r.geocode_manager.GeocodeManager - GeocodeManager <- getFullInfoByPoint()
2023-09-17 21:35:09.993 [http-nio-auto-1-exec-3] WARN  c.e.r.weather_manager.WeatherManager - WeatherManager -> getWeatherByLocation()
2023-09-17 21:35:09.993 [http-nio-auto-1-exec-3] WARN  c.e.r.weather_manager.WeatherManager - WeatherManager -> getFullInfoByPointForWeather()
2023-09-17 21:35:17.612 [http-nio-auto-1-exec-3] WARN  c.e.r.weather_manager.WeatherManager - WeatherManager <- getFullInfoByPointForWeather()
2023-09-17 21:35:17.613 [http-nio-auto-1-exec-3] WARN  c.e.r.weather_manager.WeatherManager - WeatherManager <- getWeatherByLocation()
2023-09-17 21:35:17.685 [http-nio-auto-1-exec-3] INFO  c.e.r.s.RentApartmentsServiceImpl - RentApartmentsServiceImpl <- geoLocApartments()
2023-09-17 21:35:17.686 [http-nio-auto-1-exec-3] WARN  c.e.r.s.RentApartmentsServiceImpl - RentApartmentsServiceImpl <- geoLocApartments()
2023-09-17 21:35:17.686 [http-nio-auto-1-exec-3] INFO  c.e.r.s.RentApartmentsServiceImpl - RentApartmentsServiceImpl -> prepareResponse()
2023-09-17 21:35:17.686 [http-nio-auto-1-exec-3] INFO  c.e.r.s.RentApartmentsServiceImpl - RentApartmentsServiceImpl <- prepareResponse()
2023-09-17 21:36:09.036 [http-nio-auto-1-exec-4] INFO  c.e.r.s.BookingApartmentServiceImpl - BookingApartmentServiceImpl -> bookingApartmentsAndPayment()
2023-09-17 21:36:24.606 [http-nio-auto-1-exec-5] INFO  c.e.r.s.BookingApartmentServiceImpl - BookingApartmentServiceImpl -> bookingApartmentsAndPayment()
2023-09-17 21:36:42.351 [http-nio-auto-1-exec-5] INFO  c.e.r.s.BookingApartmentServiceImpl - BookingApartmentServiceImpl <- bookingApartmentsAndPayment()
2023-09-28 16:18:34.536 [main] INFO  c.e.r.RentBasicApartmentApplication - Starting RentBasicApartmentApplication using Java 20.0.1 with PID 22392 (C:\Users\DAvmeste\rent_apartments_application\rent_apartment\target\classes started by DAvmeste in C:\Users\DAvmeste\rent_apartments_application)
2023-09-28 16:18:34.547 [main] INFO  c.e.r.RentBasicApartmentApplication - No active profile set, falling back to 1 default profile: "default"
2023-09-28 16:18:43.949 [main] INFO  c.e.r.RentBasicApartmentApplication - Started RentBasicApartmentApplication in 11.809 seconds (process running for 14.02)
2023-10-12 11:17:31.587 [main] INFO  c.e.r.RentBasicApartmentApplication - Starting RentBasicApartmentApplication using Java 20.0.1 with PID 14540 (C:\Users\DAvmeste\rent_apartments_application\rent_apartment\target\classes started by DAvmeste in C:\Users\DAvmeste\rent_apartments_application)
2023-10-12 11:17:31.595 [main] INFO  c.e.r.RentBasicApartmentApplication - No active profile set, falling back to 1 default profile: "default"
2023-10-12 11:17:41.520 [main] INFO  c.e.r.RentBasicApartmentApplication - Started RentBasicApartmentApplication in 11.777 seconds (process running for 13.537)
2024-02-09 11:44:18.524 [main] INFO  c.e.r.RentBasicApartmentApplication - Starting RentBasicApartmentApplication using Java 20.0.1 with PID 22924 (C:\Users\DAvmeste\rent_apartments_application\rent_apartment\target\classes started by DAvmeste in C:\Users\DAvmeste\rent_apartments_application)
2024-02-09 11:44:18.534 [main] INFO  c.e.r.RentBasicApartmentApplication - No active profile set, falling back to 1 default profile: "default"
2024-02-09 11:44:27.231 [main] INFO  c.e.r.RentBasicApartmentApplication - Started RentBasicApartmentApplication in 10.517 seconds (process running for 11.462)
2024-02-09 14:13:08.705 [main] INFO  c.e.r.RentBasicApartmentApplication - Starting RentBasicApartmentApplication using Java 20.0.1 with PID 27364 (C:\Users\DAvmeste\rent_apartments_application\rent_apartment\target\classes started by DAvmeste in C:\Users\DAvmeste\rent_apartments_application)
2024-02-09 14:13:08.707 [main] INFO  c.e.r.RentBasicApartmentApplication - No active profile set, falling back to 1 default profile: "default"
2024-02-09 14:13:18.708 [main] INFO  c.e.r.RentBasicApartmentApplication - Started RentBasicApartmentApplication in 11.974 seconds (process running for 13.145)
2024-02-09 14:16:38.439 [main] INFO  c.e.r.RentBasicApartmentApplication - Starting RentBasicApartmentApplication using Java 20.0.1 with PID 27992 (C:\Users\DAvmeste\rent_apartments_application\rent_apartment\target\classes started by DAvmeste in C:\Users\DAvmeste\rent_apartments_application)
2024-02-09 14:16:38.442 [main] INFO  c.e.r.RentBasicApartmentApplication - No active profile set, falling back to 1 default profile: "default"
2024-02-09 14:16:48.026 [main] INFO  c.e.r.RentBasicApartmentApplication - Started RentBasicApartmentApplication in 11.567 seconds (process running for 12.597)
